2016-08-09 10:38:54,724 - Mike - DEBUG - doubler function executing
2016-08-09 10:38:54,725 - Mike - DEBUG - doubler function ended with: 0
2016-08-09 10:38:54,725 - George - DEBUG - doubler function executing
2016-08-09 10:38:54,725 - George - DEBUG - doubler function executing
2016-08-09 10:38:54,725 - George - DEBUG - doubler function ended with: 2
2016-08-09 10:38:54,725 - George - DEBUG - doubler function ended with: 2
2016-08-09 10:38:54,731 - Wanda - DEBUG - doubler function executing
2016-08-09 10:38:54,731 - Wanda - DEBUG - doubler function executing
2016-08-09 10:38:54,731 - Wanda - DEBUG - doubler function executing
2016-08-09 10:38:54,731 - Wanda - DEBUG - doubler function ended with: 4
2016-08-09 10:38:54,731 - Wanda - DEBUG - doubler function ended with: 4
2016-08-09 10:38:54,731 - Wanda - DEBUG - doubler function ended with: 4
2016-08-09 10:38:54,732 - Dingbat - DEBUG - doubler function executing
2016-08-09 10:38:54,732 - Dingbat - DEBUG - doubler function executing
2016-08-09 10:38:54,732 - Dingbat - DEBUG - doubler function executing
2016-08-09 10:38:54,732 - Dingbat - DEBUG - doubler function executing
2016-08-09 10:38:54,732 - Dingbat - DEBUG - doubler function ended with: 6
2016-08-09 10:38:54,732 - Dingbat - DEBUG - doubler function ended with: 6
2016-08-09 10:38:54,732 - Dingbat - DEBUG - doubler function ended with: 6
2016-08-09 10:38:54,732 - Dingbat - DEBUG - doubler function ended with: 6
2016-08-09 10:38:54,735 - Nina - DEBUG - doubler function executing
2016-08-09 10:38:54,735 - Nina - DEBUG - doubler function executing
2016-08-09 10:38:54,735 - Nina - DEBUG - doubler function executing
2016-08-09 10:38:54,735 - Nina - DEBUG - doubler function executing
2016-08-09 10:38:54,735 - Nina - DEBUG - doubler function executing
2016-08-09 10:38:54,735 - Nina - DEBUG - doubler function ended with: 8
2016-08-09 10:38:54,735 - Nina - DEBUG - doubler function ended with: 8
2016-08-09 10:38:54,735 - Nina - DEBUG - doubler function ended with: 8
2016-08-09 10:38:54,735 - Nina - DEBUG - doubler function ended with: 8
2016-08-09 10:38:54,735 - Nina - DEBUG - doubler function ended with: 8
